This is pdfTeX, Version 3.1415926-2.3-1.40.12 (MiKTeX 2.9) (preloaded format=pdflatex 2018.10.31)  2 DEC 2019 22:02
entering extended mode
**E:/äº¤å¤§äº‘ç›˜/äº¤å¤§å·¥ä½œ/2019å¹´/æ•™æ”¹é¡¹ç›®/03_åŒ—äº¬äº¤é€šå¤§å­¦ç¡•å£«
ä¸­æœŸæ£€æŸ¥æ¨¡æ¿20191202/data/mresume.tex

(E:/äº¤å¤§äº‘ç›˜/äº¤å¤§å·¥ä½œ/2019å¹´/æ•™æ”¹é¡¹ç›®/03_åŒ—äº¬äº¤é€šå¤§å­¦ç¡•å£«ä
¸­æœŸæ£€æŸ¥æ¨¡æ¿20191202/data/mresume.tex
LaTeX2e <2011/06/27>
Babel <v3.8m> and hyphenation patterns for loaded.
! Undefined control sequence.
l.1 \mmchapter
              {Ë÷Òı}\songti\wuhao\baselinestretch{16pt}
? 
! Emergency stop.
l.1 \mmchapter
              {Ë÷Òı}\songti\wuhao\baselinestretch{16pt}
End of file on the terminal!

 
Here is how much of TeX's memory you used:
 7 strings out of 495354
 414 string characters out of 3183858
 44842 words of memory out of 3000000
 3276 multiletter control sequences out of 15000+200000
 3640 words of font info for 14 fonts, out of 3000000 for 9000
 14 hyphenation exceptions out of 8191
 5i,0n,1p,175b,8s stack positions out of 5000i,500n,10000p,200000b,50000s
!  ==> Fatal error occurred, no output PDF file produced!
