This is pdfTeX, Version 3.1415926-2.3-1.40.12 (MiKTeX 2.9) (preloaded format=pdflatex 2018.10.31)  2 DEC 2019 22:47
entering extended mode
**E:/äº¤å¤§äº‘ç›˜/äº¤å¤§å·¥ä½œ/2019å¹´/æ•™æ”¹é¡¹ç›®/03_åŒ—äº¬äº¤é€šå¤§å­¦ç¡•å£«
ä¸­æœŸæ£€æŸ¥æ¨¡æ¿20191202/main_r1.tex

(E:/äº¤å¤§äº‘ç›˜/äº¤å¤§å·¥ä½œ/2019å¹´/æ•™æ”¹é¡¹ç›®/03_åŒ—äº¬äº¤é€šå¤§å­¦ç¡•å£«ä
¸­æœŸæ£€æŸ¥æ¨¡æ¿20191202/main_r1.tex
LaTeX2e <2011/06/27>
Babel <v3.8m> and hyphenation patterns for loaded.

(E:\äº¤å¤§äº‘ç›˜\äº¤å¤§å·¥ä½œ\2019å¹´\æ•™æ”¹é¡¹ç›®\03_åŒ—äº¬äº¤é€šå¤§å­¦ç¡•å£«ä
¸­æœŸæ£€æŸ¥æ¨¡æ¿20191202\thuthesis.cls
Document Class: thuthesis 2008/02/28 4.5.1 Tsinghua University Thesis Template
(C:\CTEX\MiKTeX\tex\latex\base\book.cls
Document Class: book 2007/10/19 v1.4h Standard LaTeX document class
(C:\CTEX\MiKTeX\tex\latex\base\bk12.clo
File: bk12.clo 2007/10/19 v1.4h Standard LaTeX file (size option)
)
\c@part=\count79
\c@chapter=\count80
\c@section=\count81
\c@subsection=\count82
\c@subsubsection=\count83
\c@paragraph=\count84
\c@subparagraph=\count85
\c@figure=\count86
\c@table=\count87
\abovecaptionskip=\skip41
\belowcaptionskip=\skip42
\bibindent=\dimen102
)
(C:\CTEX\MiKTeX\tex\generic\oberdiek\ifpdf.sty
Package: ifpdf 2011/01/30 v2.3 Provides the ifpdf switch (HO)
Package ifpdf Info: pdfTeX in PDF mode is detected.
)
(C:\CTEX\MiKTeX\tex\generic\ifxetex\ifxetex.sty
Package: ifxetex 2010/09/12 v0.6 Provides ifxetex conditional
)
(C:\CTEX\MiKTeX\tex\latex\base\ifthen.sty
Package: ifthen 2001/05/26 v1.1c Standard LaTeX ifthen package (DPC)
)
(C:\CTEX\MiKTeX\tex\latex\tools\calc.sty
Package: calc 2007/08/22 v4.3 Infix arithmetic (KKT,FJ)
\calc@Acount=\count88
\calc@Bcount=\count89
\calc@Adimen=\dimen103
\calc@Bdimen=\dimen104
\calc@Askip=\skip43
\calc@Bskip=\skip44
LaTeX Info: Redefining \setlength on input line 76.
LaTeX Info: Redefining \addtolength on input line 77.
\calc@Ccount=\count90
\calc@Cskip=\skip45
)
(C:\CTEX\MiKTeX\tex\latex\ams\math\amsmath.sty
Package: amsmath 2000/07/18 v2.13 AMS math features
\@mathmargin=\skip46

For additional information on amsmath, use the `?' option.
(C:\CTEX\MiKTeX\tex\latex\ams\math\amstext.sty
Package: amstext 2000/06/29 v2.01

(C:\CTEX\MiKTeX\tex\latex\ams\math\amsgen.sty
File: amsgen.sty 1999/11/30 v2.0
\@emptytoks=\toks14
\ex@=\dimen105
))
(C:\CTEX\MiKTeX\tex\latex\ams\math\amsbsy.sty
Package: amsbsy 1999/11/29 v1.2d
\pmbraise@=\dimen106
)
(C:\CTEX\MiKTeX\tex\latex\ams\math\amsopn.sty
Package: amsopn 1999/12/14 v2.01 operator names
)
\inf@bad=\count91
LaTeX Info: Redefining \frac on input line 211.
\uproot@=\count92
\leftroot@=\count93
LaTeX Info: Redefining \overline on input line 307.
\classnum@=\count94
\DOTSCASE@=\count95
LaTeX Info: Redefining \ldots on input line 379.
LaTeX Info: Redefining \dots on input line 382.
LaTeX Info: Redefining \cdots on input line 467.
\Mathstrutbox@=\box26
\strutbox@=\box27
\big@size=\dimen107
LaTeX Font Info:    Redeclaring font encoding OML on input line 567.
LaTeX Font Info:    Redeclaring font encoding OMS on input line 568.
\macc@depth=\count96
\c@MaxMatrixCols=\count97
\dotsspace@=\muskip10
\c@parentequation=\count98
\dspbrk@lvl=\count99
\tag@help=\toks15
\row@=\count100
\column@=\count101
\maxfields@=\count102
\andhelp@=\toks16
\eqnshift@=\dimen108
\alignsep@=\dimen109
\tagshift@=\dimen110
\tagwidth@=\dimen111
\totwidth@=\dimen112
\lineht@=\dimen113
\@envbody=\toks17
\multlinegap=\skip47
\multlinetaggap=\skip48
\mathdisplay@stack=\toks18
LaTeX Info: Redefining \[ on input line 2666.
LaTeX Info: Redefining \] on input line 2667.
)
(C:\CTEX\MiKTeX\tex\latex\amsfonts\amssymb.sty
Package: amssymb 2009/06/22 v3.00

(C:\CTEX\MiKTeX\tex\latex\amsfonts\amsfonts.sty
Package: amsfonts 2009/06/22 v3.00 Basic AMSFonts support
\symAMSa=\mathgroup4
\symAMSb=\mathgroup5
LaTeX Font Info:    Overwriting math alphabet `\mathfrak' in version `bold'
(Font)                  U/euf/m/n --> U/euf/b/n on input line 96.
))
(E:\äº¤å¤§äº‘ç›˜\äº¤å¤§å·¥ä½œ\2019å¹´\æ•™æ”¹é¡¹ç›®\03_åŒ—äº¬äº¤é€šå¤§å­¦ç¡•å£«ä
¸­æœŸæ£€æŸ¥æ¨¡æ¿20191202\txfonts.sty
Package: txfonts 2008/01/22 v3.2.1
LaTeX Font Info:    Redeclaring symbol font `operators' on input line 21.
LaTeX Font Info:    Overwriting symbol font `operators' in version `normal'
(Font)                  OT1/cmr/m/n --> OT1/txr/m/n on input line 21.
LaTeX Font Info:    Overwriting symbol font `operators' in version `bold'
(Font)                  OT1/cmr/bx/n --> OT1/txr/m/n on input line 21.
LaTeX Font Info:    Overwriting symbol font `operators' in version `bold'
(Font)                  OT1/txr/m/n --> OT1/txr/bx/n on input line 22.
\symitalic=\mathgroup6
LaTeX Font Info:    Overwriting symbol font `italic' in version `bold'
(Font)                  OT1/txr/m/it --> OT1/txr/bx/it on input line 26.
LaTeX Font Info:    Redeclaring math alphabet \mathbf on input line 29.
LaTeX Font Info:    Overwriting math alphabet `\mathbf' in version `normal'
(Font)                  OT1/cmr/bx/n --> OT1/txr/bx/n on input line 29.
LaTeX Font Info:    Overwriting math alphabet `\mathbf' in version `bold'
(Font)                  OT1/cmr/bx/n --> OT1/txr/bx/n on input line 29.
LaTeX Font Info:    Redeclaring math alphabet \mathit on input line 30.
LaTeX Font Info:    Overwriting math alphabet `\mathit' in version `normal'
(Font)                  OT1/cmr/m/it --> OT1/txr/m/it on input line 30.
LaTeX Font Info:    Overwriting math alphabet `\mathit' in version `bold'
(Font)                  OT1/cmr/bx/it --> OT1/txr/m/it on input line 30.
LaTeX Font Info:    Overwriting math alphabet `\mathit' in version `bold'
(Font)                  OT1/txr/m/it --> OT1/txr/bx/it on input line 31.
LaTeX Font Info:    Redeclaring math alphabet \mathsf on input line 40.
LaTeX Font Info:    Overwriting math alphabet `\mathsf' in version `normal'
(Font)                  OT1/cmss/m/n --> OT1/txss/m/n on input line 40.
LaTeX Font Info:    Overwriting math alphabet `\mathsf' in version `bold'
(Font)                  OT1/cmss/bx/n --> OT1/txss/m/n on input line 40.
LaTeX Font Info:    Overwriting math alphabet `\mathsf' in version `bold'
(Font)                  OT1/txss/m/n --> OT1/txss/b/n on input line 41.
LaTeX Font Info:    Redeclaring math alphabet \mathtt on input line 50.
LaTeX Font Info:    Overwriting math alphabet `\mathtt' in version `normal'
(Font)                  OT1/cmtt/m/n --> OT1/txtt/m/n on input line 50.
LaTeX Font Info:    Overwriting math alphabet `\mathtt' in version `bold'
(Font)                  OT1/cmtt/m/n --> OT1/txtt/m/n on input line 50.
LaTeX Font Info:    Overwriting math alphabet `\mathtt' in version `bold'
(Font)                  OT1/txtt/m/n --> OT1/txtt/b/n on input line 51.
LaTeX Font Info:    Redeclaring symbol font `letters' on input line 58.
LaTeX Font Info:    Overwriting symbol font `letters' in version `normal'
(Font)                  OML/cmm/m/it --> OML/txmi/m/it on input line 58.
LaTeX Font Info:    Overwriting symbol font `letters' in version `bold'
(Font)                  OML/cmm/b/it --> OML/txmi/m/it on input line 58.
LaTeX Font Info:    Overwriting symbol font `letters' in version `bold'
(Font)                  OML/txmi/m/it --> OML/txmi/bx/it on input line 59.
\symlettersA=\mathgroup7
LaTeX Font Info:    Overwriting symbol font `lettersA' in version `bold'
(Font)                  U/txmia/m/it --> U/txmia/bx/it on input line 67.
LaTeX Font Info:    Redeclaring math alphabet \mathfrak on input line 70.
LaTeX Font Info:    Redeclaring symbol font `symbols' on input line 77.
LaTeX Font Info:    Overwriting symbol font `symbols' in version `normal'
(Font)                  OMS/cmsy/m/n --> OMS/txsy/m/n on input line 77.
LaTeX Font Info:    Overwriting symbol font `symbols' in version `bold'
(Font)                  OMS/cmsy/b/n --> OMS/txsy/m/n on input line 77.
LaTeX Font Info:    Overwriting symbol font `symbols' in version `bold'
(Font)                  OMS/txsy/m/n --> OMS/txsy/bx/n on input line 78.
LaTeX Font Info:    Redeclaring symbol font `AMSa' on input line 93.
LaTeX Font Info:    Overwriting symbol font `AMSa' in version `normal'
(Font)                  U/msa/m/n --> U/txsya/m/n on input line 93.
LaTeX Font Info:    Overwriting symbol font `AMSa' in version `bold'
(Font)                  U/msa/m/n --> U/txsya/m/n on input line 93.
LaTeX Font Info:    Overwriting symbol font `AMSa' in version `bold'
(Font)                  U/txsya/m/n --> U/txsya/bx/n on input line 94.
LaTeX Font Info:    Redeclaring symbol font `AMSb' on input line 102.
LaTeX Font Info:    Overwriting symbol font `AMSb' in version `normal'
(Font)                  U/msb/m/n --> U/txsyb/m/n on input line 102.
LaTeX Font Info:    Overwriting symbol font `AMSb' in version `bold'
(Font)                  U/msb/m/n --> U/txsyb/m/n on input line 102.
LaTeX Font Info:    Overwriting symbol font `AMSb' in version `bold'
(Font)                  U/txsyb/m/n --> U/txsyb/bx/n on input line 103.
\symsymbolsC=\mathgroup8
LaTeX Font Info:    Overwriting symbol font `symbolsC' in version `bold'
(Font)                  U/txsyc/m/n --> U/txsyc/bx/n on input line 113.
LaTeX Font Info:    Redeclaring symbol font `largesymbols' on input line 120.
LaTeX Font Info:    Overwriting symbol font `largesymbols' in version `normal'
(Font)                  OMX/cmex/m/n --> OMX/txex/m/n on input line 120.
LaTeX Font Info:    Overwriting symbol font `largesymbols' in version `bold'
(Font)                  OMX/cmex/m/n --> OMX/txex/m/n on input line 120.
LaTeX Font Info:    Overwriting symbol font `largesymbols' in version `bold'
(Font)                  OMX/txex/m/n --> OMX/txex/bx/n on input line 121.
\symlargesymbolsA=\mathgroup9
LaTeX Font Info:    Overwriting symbol font `largesymbolsA' in version `bold'
(Font)                  U/txexa/m/n --> U/txexa/bx/n on input line 129.
LaTeX Info: Redefining \not on input line 1043.
)
(C:\CTEX\MiKTeX\tex\latex\graphics\graphicx.sty
Package: graphicx 1999/02/16 v1.0f Enhanced LaTeX Graphics (DPC,SPQR)

(C:\CTEX\MiKTeX\tex\latex\graphics\keyval.sty
Package: keyval 1999/03/16 v1.13 key=value parser (DPC)
\KV@toks@=\toks19
)
(C:\CTEX\MiKTeX\tex\latex\graphics\graphics.sty
Package: graphics 2009/02/05 v1.0o Standard LaTeX Graphics (DPC,SPQR)

(C:\CTEX\MiKTeX\tex\latex\graphics\trig.sty
Package: trig 1999/03/16 v1.09 sin cos tan (DPC)
)
(C:\CTEX\MiKTeX\tex\latex\00miktex\graphics.cfg
File: graphics.cfg 2007/01/18 v1.5 graphics configuration of teTeX/TeXLive
)
Package graphics Info: Driver file: pdftex.def on input line 91.

(C:\CTEX\MiKTeX\tex\latex\pdftex-def\pdftex.def
File: pdftex.def 2011/05/27 v0.06d Graphics/color for pdfTeX

(C:\CTEX\MiKTeX\tex\generic\oberdiek\infwarerr.sty
Package: infwarerr 2010/04/08 v1.3 Providing info/warning/message (HO)
)
(C:\CTEX\MiKTeX\tex\generic\oberdiek\ltxcmds.sty
Package: ltxcmds 2011/04/18 v1.20 LaTeX kernel commands for general use (HO)
)
\Gread@gobject=\count103
))
\Gin@req@height=\dimen114
\Gin@req@width=\dimen115
)
(C:\CTEX\MiKTeX\tex\latex\subfig\subfig.sty
Package: subfig 2005/06/28 ver: 1.3 subfig package

(C:\CTEX\MiKTeX\tex\latex\caption\caption.sty
Package: caption 2011/11/10 v3.2e Customizing captions (AR)

(C:\CTEX\MiKTeX\tex\latex\caption\caption3.sty
Package: caption3 2011/11/01 v1.4a caption3 kernel (AR)
\captionmargin=\dimen116
\captionmargin@=\dimen117
\captionwidth=\dimen118
\caption@indent=\dimen119
\caption@parindent=\dimen120
\caption@hangindent=\dimen121
)
\c@ContinuedFloat=\count104
)
\c@KVtest=\count105
\sf@farskip=\skip49
\sf@captopadj=\dimen122
\sf@capskip=\skip50
\sf@nearskip=\skip51


Package subfig Warning: Configuration file subfig.cfg not found on input line 2
97.

\c@subfigure=\count106
\c@subfigure@save=\count107
\c@lofdepth=\count108
\c@subtable=\count109
\c@subtable@save=\count110
\c@lotdepth=\count111
\sf@top=\skip52
\sf@bottom=\skip53
) (C:\CTEX\MiKTeX\tex\latex\tools\indentfirst.sty
Package: indentfirst 1995/11/23 v1.03 Indent first paragraph (DPC)
)
(E:\äº¤å¤§äº‘ç›˜\äº¤å¤§å·¥ä½œ\2019å¹´\æ•™æ”¹é¡¹ç›®\03_åŒ—äº¬äº¤é€šå¤§å­¦ç¡•å£«ä
¸­æœŸæ£€æŸ¥æ¨¡æ¿20191202\paralist.sty
Package: paralist 2002/03/18 v2.3b Extended list environments (BS)
\pltopsep=\skip54
\plpartopsep=\skip55
\plitemsep=\skip56
\plparsep=\skip57
\pl@lab=\toks20
)
(E:\äº¤å¤§äº‘ç›˜\äº¤å¤§å·¥ä½œ\2019å¹´\æ•™æ”¹é¡¹ç›®\03_åŒ—äº¬äº¤é€šå¤§å­¦ç¡•å£«ä
¸­æœŸæ£€æŸ¥æ¨¡æ¿20191202\CJK.sty
Package: CJK 2008/12/29 4.8.2

(E:\äº¤å¤§äº‘ç›˜\äº¤å¤§å·¥ä½œ\2019å¹´\æ•™æ”¹é¡¹ç›®\03_åŒ—äº¬äº¤é€šå¤§å­¦ç¡•å£«ä
¸­æœŸæ£€æŸ¥æ¨¡æ¿20191202\MULEenc.sty
Package: MULEenc 2008/12/29 4.8.2
)
(E:\äº¤å¤§äº‘ç›˜\äº¤å¤§å·¥ä½œ\2019å¹´\æ•™æ”¹é¡¹ç›®\03_åŒ—äº¬äº¤é€šå¤§å­¦ç¡•å£«ä
¸­æœŸæ£€æŸ¥æ¨¡æ¿20191202\CJK.enc
File: CJK.enc 2008/12/29 4.8.2
)
LaTeX Info: Redefining \selectfont on input line 756.
\CJK@indent=\box28
)
(E:\äº¤å¤§äº‘ç›˜\äº¤å¤§å·¥ä½œ\2019å¹´\æ•™æ”¹é¡¹ç›®\03_åŒ—äº¬äº¤é€šå¤§å­¦ç¡•å£«ä
¸­æœŸæ£€æŸ¥æ¨¡æ¿20191202\CJKnumb.sty
Package: CJKnumb 2008/12/29 4.8.2
\CJK@q=\count112
\CJK@r=\count113
)
(C:\CTEX\CTeX\tex\latex\CJKpunct\CJKpunct.sty
Package: CJKpunct 2010/02/21 4.8.2-2
\CJKpunct@cnta=\count114
\CJKpunct@cntb=\count115
\CJKpunct@cntc=\count116
\CJKpunct@cntd=\count117
\CJKpunct@cnte=\count118

(C:\CTEX\CTeX\tex\latex\CJKpunct\CJKpunct.spa))
(E:\äº¤å¤§äº‘ç›˜\äº¤å¤§å·¥ä½œ\2019å¹´\æ•™æ”¹é¡¹ç›®\03_åŒ—äº¬äº¤é€šå¤§å­¦ç¡•å£«ä
¸­æœŸæ£€æŸ¥æ¨¡æ¿20191202\CJKspace.sty
Package: CJKspace 2008/12/29 3.8.0
)
(E:\äº¤å¤§äº‘ç›˜\äº¤å¤§å·¥ä½œ\2019å¹´\æ•™æ”¹é¡¹ç›®\03_åŒ—äº¬äº¤é€šå¤§å­¦ç¡•å£«ä
¸­æœŸæ£€æŸ¥æ¨¡æ¿20191202\ccmap.sty
Package: ccmap 2006/11/18
\CCT@hooka@@=\toks21
)
(E:\äº¤å¤§äº‘ç›˜\äº¤å¤§å·¥ä½œ\2019å¹´\æ•™æ”¹é¡¹ç›®\03_åŒ—äº¬äº¤é€šå¤§å­¦ç¡•å£«ä
¸­æœŸæ£€æŸ¥æ¨¡æ¿20191202\ntheorem.sty
Style `ntheorem', Version 1.25 <2005/07/07>
Package: ntheorem 2005/07/07 1.25
\theorem@style=\toks22
\theorem@@style=\toks23
\theorembodyfont=\toks24
\theoremnumbering=\toks25
\theorempreskipamount=\skip58
\theorempostskipamount=\skip59
\theoremindent=\dimen123
\theorem@indent=\dimen124
\theoremheaderfont=\toks26
\theoremseparator=\toks27
\theoremprework=\toks28
\theorempostwork=\toks29
\theoremsymbol=\toks30
\qedsymbol=\toks31
\theoremkeyword=\toks32
\qedsymbol=\toks33
\thm@topsepadd=\skip60
Package ntheorem Info: Option `thmmarks' loaded on input line 1029.
\c@endNonectr=\count119
\c@currNonectr=\count120
\mysavskip=\skip61
Package ntheorem Info: option `amsmath' handling for `thmmarks' loaded on input
 line 1029.
\thm@amstmpdepth=\dimen125
) (C:\CTEX\MiKTeX\tex\latex\tools\array.sty
Package: array 2008/09/09 v2.4c Tabular extension package (FMi)
\col@sep=\dimen126
\extrarowheight=\dimen127
\NC@list=\toks34
\extratabsurround=\skip62
\backup@length=\skip63
)
(C:\CTEX\MiKTeX\tex\latex\tools\longtable.sty
Package: longtable 2004/02/01 v4.11 Multi-page Table package (DPC)
\LTleft=\skip64
\LTright=\skip65
\LTpre=\skip66
\LTpost=\skip67
\LTchunksize=\count121
\LTcapwidth=\dimen128
\LT@head=\box29
\LT@firsthead=\box30
\LT@foot=\box31
\LT@lastfoot=\box32
\LT@cols=\count122
\LT@rows=\count123
\c@LT@tables=\count124
\c@LT@chunks=\count125
\LT@p@ftn=\toks35
)
(C:\CTEX\MiKTeX\tex\latex\booktabs\booktabs.sty
Package: booktabs 2005/04/14 v1.61803 publication quality tables
\heavyrulewidth=\dimen129
\lightrulewidth=\dimen130
\cmidrulewidth=\dimen131
\belowrulesep=\dimen132
\belowbottomsep=\dimen133
\aboverulesep=\dimen134
\abovetopsep=\dimen135
\cmidrulesep=\dimen136
\cmidrulekern=\dimen137
\defaultaddspace=\dimen138
\@cmidla=\count126
\@cmidlb=\count127
\@aboverulesep=\dimen139
\@belowrulesep=\dimen140
\@thisruleclass=\count128
\@lastruleclass=\count129
\@thisrulewidth=\dimen141
)
(C:\CTEX\MiKTeX\tex\latex\natbib\natbib.sty
Package: natbib 2010/09/13 8.31b (PWD, AO)
\bibhang=\skip68
\bibsep=\skip69
LaTeX Info: Redefining \cite on input line 694.
\c@NAT@ctr=\count130
)
(C:\CTEX\MiKTeX\tex\latex\hyperref\hyperref.sty
Package: hyperref 2012/02/06 v6.82o Hypertext links for LaTeX

(C:\CTEX\MiKTeX\tex\generic\oberdiek\hobsub-hyperref.sty
Package: hobsub-hyperref 2011/04/23 v1.4 Bundle oberdiek, subset hyperref (HO)

(C:\CTEX\MiKTeX\tex\generic\oberdiek\hobsub-generic.sty
Package: hobsub-generic 2011/04/23 v1.4 Bundle oberdiek, subset generic (HO)
Package: hobsub 2011/04/23 v1.4 Subsetting bundle oberdiek (HO)
Package hobsub Info: Skipping package `infwarerr' (already loaded).
Package hobsub Info: Skipping package `ltxcmds' (already loaded).
Package: ifluatex 2010/03/01 v1.3 Provides the ifluatex switch (HO)
Package ifluatex Info: LuaTeX not detected.
Package: ifvtex 2010/03/01 v1.5 Switches for detecting VTeX and its modes (HO)
Package ifvtex Info: VTeX not detected.
Package: intcalc 2007/09/27 v1.1 Expandable integer calculations (HO)
Package hobsub Info: Skipping package `ifpdf' (already loaded).
Package: etexcmds 2011/02/16 v1.5 Prefix for e-TeX command names (HO)
Package etexcmds Info: Could not find \expanded.
(etexcmds)             That can mean that you are not using pdfTeX 1.50 or
(etexcmds)             that some package has redefined \expanded.
(etexcmds)             In the latter case, load this package earlier.
Package: kvsetkeys 2011/04/07 v1.13 Key value parser (HO)
Package: kvdefinekeys 2011/04/07 v1.3 Defining keys (HO)
Package: pdftexcmds 2011/04/22 v0.16 Utilities of pdfTeX for LuaTeX (HO)
Package pdftexcmds Info: LuaTeX not detected.
Package pdftexcmds Info: \pdf@primitive is available.
Package pdftexcmds Info: \pdf@ifprimitive is available.
Package pdftexcmds Info: \pdfdraftmode found.
Package: pdfescape 2011/04/04 v1.12 Provides string conversions (HO)
Package: bigintcalc 2011/01/30 v1.2 Expandable big integer calculations (HO)
Package: bitset 2011/01/30 v1.1 Data type bit set (HO)
Package: uniquecounter 2011/01/30 v1.2 Provides unlimited unique counter (HO)
)
Package hobsub Info: Skipping package `hobsub' (already loaded).
Package: letltxmacro 2010/09/02 v1.4 Let assignment for LaTeX macros (HO)
Package: hopatch 2011/01/30 v1.0 Wrapper for package hooks (HO)
Package: xcolor-patch 2011/01/30 xcolor patch
Package: atveryend 2011/04/23 v1.7 Hooks at very end of document (HO)
Package: atbegshi 2011/01/30 v1.15 At begin shipout hook (HO)
Package: refcount 2010/12/01 v3.2 Data extraction from references (HO)
Package: hycolor 2011/01/30 v1.7 Color options of hyperref/bookmark (HO)
)
(C:\CTEX\MiKTeX\tex\latex\oberdiek\kvoptions.sty
Package: kvoptions 2010/12/23 v3.10 Keyval support for LaTeX options (HO)
)
\@linkdim=\dimen142
\Hy@linkcounter=\count131
\Hy@pagecounter=\count132

(C:\CTEX\MiKTeX\tex\latex\hyperref\pd1enc.def
File: pd1enc.def 2012/02/06 v6.82o Hyperref: PDFDocEncoding definition (HO)
)
\Hy@SavedSpaceFactor=\count133

(C:\CTEX\MiKTeX\tex\latex\00miktex\hyperref.cfg
File: hyperref.cfg 2002/06/06 v1.2 hyperref configuration of TeXLive
)
Package hyperref Info: Hyper figures OFF on input line 4046.
Package hyperref Info: Link nesting OFF on input line 4051.
Package hyperref Info: Hyper index ON on input line 4054.
Package hyperref Info: Plain pages OFF on input line 4061.
Package hyperref Info: Backreferencing OFF on input line 4066.
Package hyperref Info: Implicit mode ON; LaTeX internals redefined.
Package hyperref Info: Bookmarks ON on input line 4284.
\c@Hy@tempcnt=\count134

(C:\CTEX\MiKTeX\tex\latex\ltxmisc\url.sty
\Urlmuskip=\muskip11
Package: url 2006/04/12  ver 3.3  Verb mode for urls, etc.
)
LaTeX Info: Redefining \url on input line 4637.
\Fld@menulength=\count135
\Field@Width=\dimen143
\Fld@charsize=\dimen144
Package hyperref Info: Hyper figures OFF on input line 5757.
Package hyperref Info: Link nesting OFF on input line 5762.
Package hyperref Info: Hyper index ON on input line 5765.
Package hyperref Info: backreferencing OFF on input line 5772.
Package hyperref Info: Link coloring OFF on input line 5777.
Package hyperref Info: Link coloring with OCG OFF on input line 5782.
Package hyperref Info: PDF/A mode OFF on input line 5787.
LaTeX Info: Redefining \ref on input line 5827.
LaTeX Info: Redefining \pageref on input line 5831.
\Hy@abspage=\count136
\c@Item=\count137
\c@Hfootnote=\count138
)

Package hyperref Message: Driver (autodetected): hpdftex.

(C:\CTEX\MiKTeX\tex\latex\hyperref\hpdftex.def
File: hpdftex.def 2012/02/06 v6.82o Hyperref driver for pdfTeX
\Fld@listcount=\count139
\c@bookmark@seq@number=\count140

(C:\CTEX\MiKTeX\tex\latex\oberdiek\rerunfilecheck.sty
Package: rerunfilecheck 2011/04/15 v1.7 Rerun checks for auxiliary files (HO)
Package uniquecounter Info: New unique counter `rerunfilecheck' on input line 2
82.
)
\Hy@SectionHShift=\skip70
)
Package hyperref Info: Option `unicode' set `true' on input line 156.

(C:\CTEX\MiKTeX\tex\latex\hyperref\puenc.def
File: puenc.def 2012/02/06 v6.82o Hyperref: PDF Unicode definition (HO)
)
Package hyperref Info: Option `CJKbookmarks' set `true' on input line 156.
Package hyperref Info: Option `bookmarksnumbered' set `true' on input line 166.

Package hyperref Info: Option `bookmarksopen' set `true' on input line 166.
Package hyperref Info: Option `breaklinks' set `true' on input line 166.
Package hyperref Info: Option `colorlinks' set `false' on input line 166.
Package hyperref Info: Option `plainpages' set `false' on input line 166.


Package hyperref Warning: Option `pdfpagelabels' has already been used,
(hyperref)                setting the option has no effect on input line 166.


(E:\äº¤å¤§äº‘ç›˜\äº¤å¤§å·¥ä½œ\2019å¹´\æ•™æ”¹é¡¹ç›®\03_åŒ—äº¬äº¤é€šå¤§å­¦ç¡•å£«ä
¸­æœŸæ£€æŸ¥æ¨¡æ¿20191202\hypernat.sty
Package: hypernat 2001/07/09 v1.0b hyperref and natbib compatibility (jb)
)
\thu@linespace=\skip71
\CJK@twochars=\skip72
\c@pcabs@footnote=\count141
\c@thu@bookmark=\count142
\thu@title@width=\skip73
)
(E:\äº¤å¤§äº‘ç›˜\äº¤å¤§å·¥ä½œ\2019å¹´\æ•™æ”¹é¡¹ç›®\03_åŒ—äº¬äº¤é€šå¤§å­¦ç¡•å£«ä
¸­æœŸæ£€æŸ¥æ¨¡æ¿20191202\thuthesis.cfg
File: thuthesis.cfg 2008/02/28 4.5.1 Tsinghua University Thesis Template
\c@currproofctr=\count143
\c@endproofctr=\count144
\c@proof=\count145
\c@currassumptionctr=\count146
\c@endassumptionctr=\count147
\c@assumption=\count148
\c@currdefinitionctr=\count149
\c@enddefinitionctr=\count150
\c@definition=\count151
\c@currpropositionctr=\count152
\c@endpropositionctr=\count153
\c@proposition=\count154
\c@currlemmactr=\count155
\c@endlemmactr=\count156
\c@lemma=\count157
\c@currtheoremctr=\count158
\c@endtheoremctr=\count159
\c@theorem=\count160
\c@curraxiomctr=\count161
\c@endaxiomctr=\count162
\c@axiom=\count163
\c@currcorollaryctr=\count164
\c@endcorollaryctr=\count165
\c@corollary=\count166
\c@currexercisectr=\count167
\c@endexercisectr=\count168
\c@exercise=\count169
\c@currexamplectr=\count170
\c@endexamplectr=\count171
\c@example=\count172
\c@currremarkctr=\count173
\c@endremarkctr=\count174
\c@remark=\count175
\c@currproblemctr=\count176
\c@endproblemctr=\count177
\c@problem=\count178
\c@currconjecturectr=\count179
\c@endconjecturectr=\count180
\c@conjecture=\count181
)
(E:\äº¤å¤§äº‘ç›˜\äº¤å¤§å·¥ä½œ\2019å¹´\æ•™æ”¹é¡¹ç›®\03_åŒ—äº¬äº¤é€šå¤§å­¦ç¡•å£«ä
¸­æœŸæ£€æŸ¥æ¨¡æ¿20191202\thutils.sty
Package: thutils 2007/11/30 4.1 put any packages you would like to use here

(E:\äº¤å¤§äº‘ç›˜\äº¤å¤§å·¥ä½œ\2019å¹´\æ•™æ”¹é¡¹ç›®\03_åŒ—äº¬äº¤é€šå¤§å­¦ç¡•å£«ä
¸­æœŸæ£€æŸ¥æ¨¡æ¿20191202\multirow.sty
\bigstrutjot=\dimen145
)
(C:\CTEX\MiKTeX\tex\latex\tools\tabularx.sty
Package: tabularx 1999/01/07 v2.07 `tabularx' package (DPC)
\TX@col@width=\dimen146
\TX@old@table=\dimen147
\TX@old@col=\dimen148
\TX@target=\dimen149
\TX@delta=\dimen150
\TX@cols=\count182
\TX@ftn=\toks36
)
(E:\äº¤å¤§äº‘ç›˜\äº¤å¤§å·¥ä½œ\2019å¹´\æ•™æ”¹é¡¹ç›®\03_åŒ—äº¬äº¤é€šå¤§å­¦ç¡•å£«ä
¸­æœŸæ£€æŸ¥æ¨¡æ¿20191202\slashbox.sty
slashbox style by K.Yasuoka, May 1993.
\@slashboxa=\box33
\@slashboxb=\box34
\@slashboxc=\box35
\@slashboxwd=\count183
\@slashboxht=\count184
\@slashsepl=\dimen151
\@slashsepr=\dimen152
) (C:\CTEX\MiKTeX\tex\latex\float\float.sty
Package: float 2001/11/08 v1.3d Float enhancements (AL)
\c@float@type=\count185
\float@exts=\toks37
\float@box=\box36
\@float@everytoks=\toks38
\@floatcapt=\box37
))
(C:\CTEX\MiKTeX\tex\latex\tools\bm.sty
Package: bm 2004/02/26 v1.1c Bold Symbol Support (DPC/FMi)
\symboldoperators=\mathgroup10
\symboldletters=\mathgroup11
\symboldsymbols=\mathgroup12
\symboldlargesymbols=\mathgroup13
LaTeX Font Info:    Redeclaring math alphabet \mathbf on input line 138.
LaTeX Info: Redefining \bm on input line 204.
)
(C:\CTEX\MiKTeX\tex\latex\graphics\color.sty
Package: color 2005/11/14 v1.0j Standard LaTeX Color (DPC)

(C:\CTEX\MiKTeX\tex\latex\00miktex\color.cfg
File: color.cfg 2007/01/18 v1.5 color configuration of teTeX/TeXLive
)
Package color Info: Driver file: pdftex.def on input line 130.
)
(C:\CTEX\MiKTeX\tex\latex\threeparttable\threeparttable.sty
Package: threeparttable 2003/06/13  v 3.0
\@tempboxb=\box38
)
(E:\äº¤å¤§äº‘ç›˜\äº¤å¤§å·¥ä½œ\2019å¹´\æ•™æ”¹é¡¹ç›®\03_åŒ—äº¬äº¤é€šå¤§å­¦ç¡•å£«ä
¸­æœŸæ£€æŸ¥æ¨¡æ¿20191202\main_r1.aux
(E:\äº¤å¤§äº‘ç›˜\äº¤å¤§å·¥ä½œ\2019å¹´\æ•™æ”¹é¡¹ç›®\03_åŒ—äº¬äº¤é€šå¤§å­¦ç¡•å£«ä
¸­æœŸæ£€æŸ¥æ¨¡æ¿20191202\data/mcover.aux)
(E:\äº¤å¤§äº‘ç›˜\äº¤å¤§å·¥ä½œ\2019å¹´\æ•™æ”¹é¡¹ç›®\03_åŒ—äº¬äº¤é€šå¤§å­¦ç¡•å£«ä
¸­æœŸæ£€æŸ¥æ¨¡æ¿20191202\data/chap01.aux)
(E:\äº¤å¤§äº‘ç›˜\äº¤å¤§å·¥ä½œ\2019å¹´\æ•™æ”¹é¡¹ç›®\03_åŒ—äº¬äº¤é€šå¤§å­¦ç¡•å£«ä
¸­æœŸæ£€æŸ¥æ¨¡æ¿20191202\data/chap02.aux)
(E:\äº¤å¤§äº‘ç›˜\äº¤å¤§å·¥ä½œ\2019å¹´\æ•™æ”¹é¡¹ç›®\03_åŒ—äº¬äº¤é€šå¤§å­¦ç¡•å£«ä
¸­æœŸæ£€æŸ¥æ¨¡æ¿20191202\data/chap03.aux)
(E:\äº¤å¤§äº‘ç›˜\äº¤å¤§å·¥ä½œ\2019å¹´\æ•™æ”¹é¡¹ç›®\03_åŒ—äº¬äº¤é€šå¤§å­¦ç¡•å£«ä
¸­æœŸæ£€æŸ¥æ¨¡æ¿20191202\data/chap04.aux

LaTeX Warning: Label `sec:03:01' multiply defined.

)
(E:\äº¤å¤§äº‘ç›˜\äº¤å¤§å·¥ä½œ\2019å¹´\æ•™æ”¹é¡¹ç›®\03_åŒ—äº¬äº¤é€šå¤§å­¦ç¡•å£«ä
¸­æœŸæ£€æŸ¥æ¨¡æ¿20191202\data/chap05.aux)
(E:\äº¤å¤§äº‘ç›˜\äº¤å¤§å·¥ä½œ\2019å¹´\æ•™æ”¹é¡¹ç›®\03_åŒ—äº¬äº¤é€šå¤§å­¦ç¡•å£«ä
¸­æœŸæ£€æŸ¥æ¨¡æ¿20191202\data/mresume.aux)
(E:\äº¤å¤§äº‘ç›˜\äº¤å¤§å·¥ä½œ\2019å¹´\æ•™æ”¹é¡¹ç›®\03_åŒ—äº¬äº¤é€šå¤§å­¦ç¡•å£«ä
¸­æœŸæ£€æŸ¥æ¨¡æ¿20191202\data/paperList.aux))
LaTeX Font Info:    Checking defaults for OML/txmi/m/it on input line 15.
LaTeX Font Info:    Try loading font information for OML+txmi on input line 15.


(C:\CTEX\MiKTeX\tex\latex\txfonts\omltxmi.fd
File: omltxmi.fd 2000/12/15 v3.1
)
LaTeX Font Info:    ... okay on input line 15.
LaTeX Font Info:    Checking defaults for T1/cmr/m/n on input line 15.
LaTeX Font Info:    ... okay on input line 15.
LaTeX Font Info:    Checking defaults for OT1/cmr/m/n on input line 15.
LaTeX Font Info:    ... okay on input line 15.
LaTeX Font Info:    Checking defaults for OMS/txsy/m/n on input line 15.
LaTeX Font Info:    Try loading font information for OMS+txsy on input line 15.


(C:\CTEX\MiKTeX\tex\latex\txfonts\omstxsy.fd
File: omstxsy.fd 2000/12/15 v3.1
)
LaTeX Font Info:    ... okay on input line 15.
LaTeX Font Info:    Checking defaults for OMX/txex/m/n on input line 15.
LaTeX Font Info:    Try loading font information for OMX+txex on input line 15.


(C:\CTEX\MiKTeX\tex\latex\txfonts\omxtxex.fd
File: omxtxex.fd 2000/12/15 v3.1
)
LaTeX Font Info:    ... okay on input line 15.
LaTeX Font Info:    Checking defaults for U/txexa/m/n on input line 15.
LaTeX Font Info:    Try loading font information for U+txexa on input line 15.

(C:\CTEX\MiKTeX\tex\latex\txfonts\utxexa.fd
File: utxexa.fd 2000/12/15 v3.1
)
LaTeX Font Info:    ... okay on input line 15.
LaTeX Font Info:    Checking defaults for C00/song/m/n on input line 15.
LaTeX Font Info:    ... okay on input line 15.
LaTeX Font Info:    Checking defaults for C05/song/m/n on input line 15.
LaTeX Font Info:    ... okay on input line 15.
LaTeX Font Info:    Checking defaults for C09/song/m/n on input line 15.
LaTeX Font Info:    ... okay on input line 15.
LaTeX Font Info:    Checking defaults for C10/song/m/n on input line 15.
LaTeX Font Info:    ... okay on input line 15.
LaTeX Font Info:    Checking defaults for C20/song/m/n on input line 15.
LaTeX Font Info:    ... okay on input line 15.
LaTeX Font Info:    Checking defaults for C19/song/m/n on input line 15.
LaTeX Font Info:    ... okay on input line 15.
LaTeX Font Info:    Checking defaults for C40/song/m/n on input line 15.
LaTeX Font Info:    ... okay on input line 15.
LaTeX Font Info:    Checking defaults for C42/song/m/n on input line 15.
LaTeX Font Info:    ... okay on input line 15.
LaTeX Font Info:    Checking defaults for C43/song/m/n on input line 15.
LaTeX Font Info:    ... okay on input line 15.
LaTeX Font Info:    Checking defaults for C50/song/m/n on input line 15.
LaTeX Font Info:    ... okay on input line 15.
LaTeX Font Info:    Checking defaults for C52/song/m/n on input line 15.
LaTeX Font Info:    ... okay on input line 15.
LaTeX Font Info:    Checking defaults for C49/song/m/n on input line 15.
LaTeX Font Info:    ... okay on input line 15.
LaTeX Font Info:    Checking defaults for C60/mj/m/n on input line 15.
LaTeX Font Info:    ... okay on input line 15.
LaTeX Font Info:    Checking defaults for C61/mj/m/n on input line 15.
LaTeX Font Info:    ... okay on input line 15.
LaTeX Font Info:    Checking defaults for C63/mj/m/n on input line 15.
LaTeX Font Info:    ... okay on input line 15.
LaTeX Font Info:    Checking defaults for C64/mj/m/n on input line 15.
LaTeX Font Info:    ... okay on input line 15.
LaTeX Font Info:    Checking defaults for C65/mj/m/n on input line 15.
LaTeX Font Info:    ... okay on input line 15.
LaTeX Font Info:    Checking defaults for C70/song/m/n on input line 15.
LaTeX Font Info:    ... okay on input line 15.
LaTeX Font Info:    Checking defaults for C31/song/m/n on input line 15.
LaTeX Font Info:    ... okay on input line 15.
LaTeX Font Info:    Checking defaults for C32/song/m/n on input line 15.
LaTeX Font Info:    ... okay on input line 15.
LaTeX Font Info:    Checking defaults for C33/song/m/n on input line 15.
LaTeX Font Info:    ... okay on input line 15.
LaTeX Font Info:    Checking defaults for C34/song/m/n on input line 15.
LaTeX Font Info:    ... okay on input line 15.
LaTeX Font Info:    Checking defaults for C35/song/m/n on input line 15.
LaTeX Font Info:    ... okay on input line 15.
LaTeX Font Info:    Checking defaults for C36/song/m/n on input line 15.
LaTeX Font Info:    ... okay on input line 15.
LaTeX Font Info:    Checking defaults for C37/song/m/n on input line 15.
LaTeX Font Info:    ... okay on input line 15.
LaTeX Font Info:    Checking defaults for C80/song/m/n on input line 15.
LaTeX Font Info:    ... okay on input line 15.
LaTeX Font Info:    Checking defaults for C81/song/m/n on input line 15.
LaTeX Font Info:    ... okay on input line 15.
LaTeX Font Info:    Checking defaults for C01/song/m/n on input line 15.
LaTeX Font Info:    ... okay on input line 15.
LaTeX Font Info:    Checking defaults for C11/song/m/n on input line 15.
LaTeX Font Info:    ... okay on input line 15.
LaTeX Font Info:    Checking defaults for C21/song/m/n on input line 15.
LaTeX Font Info:    ... okay on input line 15.
LaTeX Font Info:    Checking defaults for C41/song/m/n on input line 15.
LaTeX Font Info:    ... okay on input line 15.
LaTeX Font Info:    Checking defaults for C62/song/m/n on input line 15.
LaTeX Font Info:    ... okay on input line 15.
LaTeX Font Info:    Checking defaults for PD1/pdf/m/n on input line 15.
LaTeX Font Info:    ... okay on input line 15.
LaTeX Font Info:    Checking defaults for PU/pdf/m/n on input line 15.
LaTeX Font Info:    ... okay on input line 15.
LaTeX Font Info:    Try loading font information for OT1+txr on input line 15.

(C:\CTEX\MiKTeX\tex\latex\txfonts\ot1txr.fd
File: ot1txr.fd 2000/12/15 v3.1
)<<ot1.cmap>>
(C:\CTEX\MiKTeX\tex\context\base\supp-pdf.mkii
[Loading MPS to PDF converter (version 2006.09.02).]
\scratchcounter=\count186
\scratchdimen=\dimen153
\scratchbox=\box39
\nofMPsegments=\count187
\nofMParguments=\count188
\everyMPshowfont=\toks39
\MPscratchCnt=\count189
\MPscratchDim=\dimen154
\MPnumerator=\count190
\makeMPintoPDFobject=\count191
\everyMPtoPDFconversion=\toks40
)
Package caption Info: Begin \AtBeginDocument code.
Package caption Info: subfig package v1.3 is loaded.
Package caption Info: float package is loaded.
Package caption Info: hyperref package is loaded.
Package caption Info: longtable package is loaded.
 (C:\CTEX\MiKTeX\tex\latex\caption\ltcaption.sty
Package: ltcaption 2011/09/12 v1.3 longtable captions (AR)
)
Package caption Info: threeparttable package is loaded.
Package caption Info: End \AtBeginDocument code.
\AtBeginShipoutBox=\box40
Package hyperref Info: Link coloring OFF on input line 15.

(C:\CTEX\MiKTeX\tex\latex\hyperref\nameref.sty
Package: nameref 2010/04/30 v2.40 Cross-referencing by name of section

(C:\CTEX\MiKTeX\tex\generic\oberdiek\gettitlestring.sty
Package: gettitlestring 2010/12/03 v1.4 Cleanup title references (HO)
)
\c@section@level=\count192
)
LaTeX Info: Redefining \ref on input line 15.
LaTeX Info: Redefining \pageref on input line 15.
LaTeX Info: Redefining \nameref on input line 15.

(E:\äº¤å¤§äº‘ç›˜\äº¤å¤§å·¥ä½œ\2019å¹´\æ•™æ”¹é¡¹ç›®\03_åŒ—äº¬äº¤é€šå¤§å­¦ç¡•å£«ä
¸­æœŸæ£€æŸ¥æ¨¡æ¿20191202\main_r1.out)
(E:\äº¤å¤§äº‘ç›˜\äº¤å¤§å·¥ä½œ\2019å¹´\æ•™æ”¹é¡¹ç›®\03_åŒ—äº¬äº¤é€šå¤§å­¦ç¡•å£«ä
¸­æœŸæ£€æŸ¥æ¨¡æ¿20191202\main_r1.out)
\@outlinefile=\write3

(E:\äº¤å¤§äº‘ç›˜\äº¤å¤§å·¥ä½œ\2019å¹´\æ•™æ”¹é¡¹ç›®\03_åŒ—äº¬äº¤é€šå¤§å­¦ç¡•å£«ä
¸­æœŸæ£€æŸ¥æ¨¡æ¿20191202\standard.bdg
File: standard.bdg 2008/12/29 4.8.2
)
(E:\äº¤å¤§äº‘ç›˜\äº¤å¤§å·¥ä½œ\2019å¹´\æ•™æ”¹é¡¹ç›®\03_åŒ—äº¬äº¤é€šå¤§å­¦ç¡•å£«ä
¸­æœŸæ£€æŸ¥æ¨¡æ¿20191202\extended.enc
File: extended.enc 2008/12/29 4.8.2
)
(E:\äº¤å¤§äº‘ç›˜\äº¤å¤§å·¥ä½œ\2019å¹´\æ•™æ”¹é¡¹ç›®\03_åŒ—äº¬äº¤é€šå¤§å­¦ç¡•å£«ä
¸­æœŸæ£€æŸ¥æ¨¡æ¿20191202\extended.chr
File: extended.chr 2008/12/29 4.8.2
)
LaTeX Font Info:    Try loading font information for C19+song on input line 15.


(C:\CTEX\CTeX\tex\latex\CJK\GB\c19song.fd
File: c19song.fd 2009/09/23 4.8.2
)<<c1925.cmap>>
Package CJKpunct Info: use punctuation spaces for family 'song' with punctstyle
 (quanjiao) on input line 15.

(E:\äº¤å¤§äº‘ç›˜\äº¤å¤§å·¥ä½œ\2019å¹´\æ•™æ”¹é¡¹ç›®\03_åŒ—äº¬äº¤é€šå¤§å­¦ç¡•å£«ä
¸­æœŸæ£€æŸ¥æ¨¡æ¿20191202\data/mcover.tex
<figures/schoolName.png, id=101, 8719.57625pt x 2377.88374pt>
File: figures/schoolName.png Graphic file (type png)

<use figures/schoolName.png>
Package pdftex.def Info: figures/schoolName.png used on input line 8.
(pdftex.def)             Requested size: 318.67078pt x 86.89906pt.
<<c1956.cmap>><<c1955.cmap>><<c1960.cmap>><<c1958.cmap>><<c1949.cmap>><<c1957.c
map>><<c1951.cmap>><<c1962.cmap>><<c1965.cmap>><<c1963.cmap>><<c1926.cmap>><<c1
940.cmap>><<c1937.cmap>><<c1946.cmap>><<c1939.cmap>> [1
Non-PDF special ignored!
Non-PDF special ignored!



{C:/CTEX/UserData/pdftex/config/pdftex.map{Unicode.sfd}{UGBK.sfd}} <E:/äº¤å¤§äº
‘ç›˜/äº¤å¤§å·¥ä½œ/2019å¹´/æ•™æ”¹é¡¹ç›®/03_åŒ—äº¬äº¤é€šå¤§å­¦ç¡•å£«ä¸­æœŸæ£€æŸ¥æ
¨¡æ¿20191202/figures/schoolName.png>]
LaTeX Font Info:    Try loading font information for OT1+txss on input line 38.


(C:\CTEX\MiKTeX\tex\latex\txfonts\ot1txss.fd
File: ot1txss.fd 2000/12/15 v3.1
)
LaTeX Font Info:    Font shape `OT1/txss/m/n' will be
(Font)              scaled to size 11.4427pt on input line 38.
LaTeX Font Info:    Font shape `OT1/txss/m/n' will be
(Font)              scaled to size 15.25694pt on input line 38.
 [2


]
LaTeX Font Info:    Try loading font information for C19+hei on input line 42.

(C:\CTEX\CTeX\tex\latex\CJK\GB\c19hei.fd
File: c19hei.fd 2009/09/23 4.8.2
)<<c1936.cmap>><<c1954.cmap>><<c1943.cmap>><<c1947.cmap>><<c1961.cmap>><<c1945.
cmap>><<c1944.cmap>><<c1941.cmap>><<c1942.cmap>><<c1948.cmap>><<c1950.cmap>><<c
1964.cmap>><<c1938.cmap>><<c1959.cmap>><<c1952.cmap>><<c1953.cmap>>
Overfull \hbox (24.09pt too wide) in paragraph at lines 51--63
[][] 
 []

[3


] [4


]
Overfull \hbox (24.09pt too wide) in paragraph at lines 70--78
[][] 
 []

LaTeX Font Info:    Try loading font information for C19+kai on input line 80.
(C:\CTEX\CTeX\tex\latex\CJK\GB\c19kai.fd
File: c19kai.fd 2009/09/23 4.8.2
)
Overfull \hbox (24.09pt too wide) in paragraph at lines 79--84
[][] 
 []


Overfull \hbox (24.09pt too wide) in paragraph at lines 92--97
[][] 
 []


Overfull \hbox (24.09pt too wide) in paragraph at lines 100--118
[][] 
 []


Overfull \hbox (24.09pt too wide) in paragraph at lines 121--126
[][] 
 []

) [5]
(E:\äº¤å¤§äº‘ç›˜\äº¤å¤§å·¥ä½œ\2019å¹´\æ•™æ”¹é¡¹ç›®\03_åŒ—äº¬äº¤é€šå¤§å­¦ç¡•å£«ä
¸­æœŸæ£€æŸ¥æ¨¡æ¿20191202\data/mack.tex [6



])
(E:\äº¤å¤§äº‘ç›˜\äº¤å¤§å·¥ä½œ\2019å¹´\æ•™æ”¹é¡¹ç›®\03_åŒ—äº¬äº¤é€šå¤§å­¦ç¡•å£«ä
¸­æœŸæ£€æŸ¥æ¨¡æ¿20191202\data/abstract.tex) [1


] [2


]
Underfull \vbox (badness 10000) has occurred while \output is active []

pdfTeX warning (ext4): destination with the same identifier (name{page.i}) has 
been already used, duplicate ignored
<to be read again> 
                   \relax 
l.29 \mmakeabstract
                    [1


]
Underfull \vbox (badness 10000) has occurred while \output is active []

pdfTeX warning (ext4): destination with the same identifier (name{page.ii}) has
 been already used, duplicate ignored
<to be read again> 
                   \relax 
l.31 \tableofcontents
                      [2


]
(E:\äº¤å¤§äº‘ç›˜\äº¤å¤§å·¥ä½œ\2019å¹´\æ•™æ”¹é¡¹ç›®\03_åŒ—äº¬äº¤é€šå¤§å­¦ç¡•å£«ä
¸­æœŸæ£€æŸ¥æ¨¡æ¿20191202\main_r1.toc
LaTeX Font Info:    Calculating math sizes for size <12.045> on input line 1.
<<oml.cmap>><<oms.cmap>><<omx.cmap>>
LaTeX Font Info:    Try loading font information for U+txsya on input line 1.

(C:\CTEX\MiKTeX\tex\latex\txfonts\utxsya.fd
File: utxsya.fd 2000/12/15 v3.1
)

LaTeX Warning: File u.cmap not found on input line 1.

LaTeX Font Info:    Try loading font information for U+txsyb on input line 1.
(C:\CTEX\MiKTeX\tex\latex\txfonts\utxsyb.fd
File: utxsyb.fd 2000/12/15 v3.1
)
LaTeX Font Info:    Try loading font information for U+txmia on input line 1.

(C:\CTEX\MiKTeX\tex\latex\txfonts\utxmia.fd
File: utxmia.fd 2000/12/15 v3.1
)
LaTeX Font Info:    Try loading font information for U+txsyc on input line 1.

(C:\CTEX\MiKTeX\tex\latex\txfonts\utxsyc.fd
File: utxsyc.fd 2000/12/15 v3.1
)
LaTeX Font Info:    Try loading font information for OMS+txr on input line 4.

(C:\CTEX\MiKTeX\tex\latex\txfonts\omstxr.fd
File: omstxr.fd 2000/12/15 v3.1
)
LaTeX Font Info:    Font shape `OMS/txr/m/n' in size <12.045> not available
(Font)              Font shape `OMS/txsy/m/n' tried instead on input line 4.

Overfull \hbox (17.00754pt too wide) detected at line 14
\C19/song/m/n/12.045/42 N \C19/song/m/n/12.045/49 ¹ \OT1/txr/m/n/12.045 A 
 []

)
\tf@toc=\write4

Underfull \vbox (badness 10000) has occurred while \output is active []

 [3


]
(E:\äº¤å¤§äº‘ç›˜\äº¤å¤§å·¥ä½œ\2019å¹´\æ•™æ”¹é¡¹ç›®\03_åŒ—äº¬äº¤é€šå¤§å­¦ç¡•å£«ä
¸­æœŸæ£€æŸ¥æ¨¡æ¿20191202\data/chap01.tex<<c1979.cmap>>)
Underfull \vbox (badness 10000) has occurred while \output is active []

 [1



]
(E:\äº¤å¤§äº‘ç›˜\äº¤å¤§å·¥ä½œ\2019å¹´\æ•™æ”¹é¡¹ç›®\03_åŒ—äº¬äº¤é€šå¤§å­¦ç¡•å£«ä
¸­æœŸæ£€æŸ¥æ¨¡æ¿20191202\data/chap02.tex
Package CJKpunct Info: use punctuation spaces for family 'hei' with punctstyle 
(quanjiao) on input line 2.
LaTeX Font Info:    Try loading font information for OMS+txss on input line 2.
LaTeX Font Info:    No file OMStxss.fd. on input line 2.


LaTeX Font Warning: Font shape `OMS/txss/m/n' undefined
(Font)              using `OMS/txsy/m/n' instead
(Font)              for symbol `textbackslash' on input line 2.


LaTeX Warning: File ot154.cmap not found on input line 32.


Underfull \vbox (badness 10000) has occurred while \output is active []

 [2



]
Package hyperref Info: bookmark level for unknown equation defaults to 0 on inp
ut line 38.

Underfull \hbox (badness 2158) in paragraph at lines 47--48
[]\C19/song/m/n/12.045/46  \C19/song/m/n/12.045/38  \C19/song/m/n/12.045/40 
 \C19/song/bx/n/12.045/42 ú \C19/song/bx/n/12.045/55 ª \C19/song/m/n/12.045/60 
I \C19/song/bx/n/12.045/61 ‡ \C19/song/m/n/12.045/65 = \C19/song/m/n/12.045/60 
1 \C19/song/bx/n/12.045/55 |\C19/song/bx/n/12.045/26 §| \C19/song/m/n/12.045/6
2 A \C19/song/m/n/12.045/46 ¦ \C19/song/m/n/12.045/47 Œ \C19/song/m/n/12.045/51
 U \C19/song/bx/n/12.045/63 3 |\C19/song/m/n/12.045/25 /|\C19/song/bx/n/12.045/
26 ¸|\C19/song/m/n/12.045/25 0| \C19/song/bx/n/12.045/39 ? \C19/song/m/n/12.045
/44 £ \C19/song/m/n/12.045/60 1|\C19/song/bx/n/12.045/26 §| \C19/song/m/n/12.04
5/44 ½ \C19/song/bx/n/12.045/63 ö 3
 []

LaTeX Font Info:    Font shape `OT1/txss/m/n' will be
(Font)              scaled to size 14.30338pt on input line 62.
LaTeX Font Info:    Font shape `OT1/txss/m/n' will be
(Font)              scaled to size 12.39626pt on input line 66.

LaTeX Warning: File ot164.cmap not found on input line 72.

LaTeX Font Info:    Font shape `OMS/txr/m/n' in size <10.53937> not available
(Font)              Font shape `OMS/txsy/m/n' tried instead on input line 72.

LaTeX Warning: File oms64.cmap not found on input line 72.

LaTeX Font Info:    Font shape `OMS/txr/m/n' in size <10.53937> not available
(Font)              Font shape `OMS/txsy/m/n' tried instead on input line 72.
LaTeX Font Info:    Font shape `OMS/txr/m/n' in size <10.53937> not available
(Font)              Font shape `OMS/txsy/m/n' tried instead on input line 72.

Underfull \vbox (badness 10000) has occurred while \output is active []

 [3])
Underfull \vbox (badness 10000) has occurred while \output is active []

 [4]
(E:\äº¤å¤§äº‘ç›˜\äº¤å¤§å·¥ä½œ\2019å¹´\æ•™æ”¹é¡¹ç›®\03_åŒ—äº¬äº¤é€šå¤§å­¦ç¡•å£«ä
¸­æœŸæ£€æŸ¥æ¨¡æ¿20191202\data/chap03.tex)
Underfull \vbox (badness 10000) has occurred while \output is active []

 [5



]
(E:\äº¤å¤§äº‘ç›˜\äº¤å¤§å·¥ä½œ\2019å¹´\æ•™æ”¹é¡¹ç›®\03_åŒ—äº¬äº¤é€šå¤§å­¦ç¡•å£«ä
¸­æœŸæ£€æŸ¥æ¨¡æ¿20191202\data/chap04.tex)
Underfull \vbox (badness 10000) has occurred while \output is active []

 [6



]
(E:\äº¤å¤§äº‘ç›˜\äº¤å¤§å·¥ä½œ\2019å¹´\æ•™æ”¹é¡¹ç›®\03_åŒ—äº¬äº¤é€šå¤§å­¦ç¡•å£«ä
¸­æœŸæ£€æŸ¥æ¨¡æ¿20191202\data/chap05.tex)
Underfull \vbox (badness 10000) has occurred while \output is active []

 [7



]
(E:\äº¤å¤§äº‘ç›˜\äº¤å¤§å·¥ä½œ\2019å¹´\æ•™æ”¹é¡¹ç›®\03_åŒ—äº¬äº¤é€šå¤§å­¦ç¡•å£«ä
¸­æœŸæ£€æŸ¥æ¨¡æ¿20191202\data/appendix01.tex)
Underfull \vbox (badness 10000) has occurred while \output is active []

 [8



]
(E:\äº¤å¤§äº‘ç›˜\äº¤å¤§å·¥ä½œ\2019å¹´\æ•™æ”¹é¡¹ç›®\03_åŒ—äº¬äº¤é€šå¤§å­¦ç¡•å£«ä
¸­æœŸæ£€æŸ¥æ¨¡æ¿20191202\data/mresume.tex
Underfull \vbox (badness 10000) has occurred while \output is active []

 [9



]
LaTeX Font Info:    Font shape `OT1/txss/m/n' will be
(Font)              scaled to size 10.01236pt on input line 25.

Underfull \vbox (badness 10000) has occurred while \output is active []

 [10


])
Underfull \vbox (badness 10000) has occurred while \output is active []

 [11


]
(E:\äº¤å¤§äº‘ç›˜\äº¤å¤§å·¥ä½œ\2019å¹´\æ•™æ”¹é¡¹ç›®\03_åŒ—äº¬äº¤é€šå¤§å­¦ç¡•å£«ä
¸­æœŸæ£€æŸ¥æ¨¡æ¿20191202\data/paperList.tex
Underfull \vbox (badness 10000) has occurred while \output is active []

 [12




]
Overfull \hbox (19.72078pt too wide) in paragraph at lines 14--39
 [][] 
 []

)
Underfull \vbox (badness 10000) has occurred while \output is active []

 [13


]
\tf@thm=\write5
Package atveryend Info: Empty hook `BeforeClearDocument' on input line 81.
Package atveryend Info: Empty hook `AfterLastShipout' on input line 81.

(E:\äº¤å¤§äº‘ç›˜\äº¤å¤§å·¥ä½œ\2019å¹´\æ•™æ”¹é¡¹ç›®\03_åŒ—äº¬äº¤é€šå¤§å­¦ç¡•å£«ä
¸­æœŸæ£€æŸ¥æ¨¡æ¿20191202\main_r1.aux
(E:\äº¤å¤§äº‘ç›˜\äº¤å¤§å·¥ä½œ\2019å¹´\æ•™æ”¹é¡¹ç›®\03_åŒ—äº¬äº¤é€šå¤§å­¦ç¡•å£«ä
¸­æœŸæ£€æŸ¥æ¨¡æ¿20191202\data/mcover.aux)
(E:\äº¤å¤§äº‘ç›˜\äº¤å¤§å·¥ä½œ\2019å¹´\æ•™æ”¹é¡¹ç›®\03_åŒ—äº¬äº¤é€šå¤§å­¦ç¡•å£«ä
¸­æœŸæ£€æŸ¥æ¨¡æ¿20191202\data/chap01.aux)
(E:\äº¤å¤§äº‘ç›˜\äº¤å¤§å·¥ä½œ\2019å¹´\æ•™æ”¹é¡¹ç›®\03_åŒ—äº¬äº¤é€šå¤§å­¦ç¡•å£«ä
¸­æœŸæ£€æŸ¥æ¨¡æ¿20191202\data/chap02.aux)
(E:\äº¤å¤§äº‘ç›˜\äº¤å¤§å·¥ä½œ\2019å¹´\æ•™æ”¹é¡¹ç›®\03_åŒ—äº¬äº¤é€šå¤§å­¦ç¡•å£«ä
¸­æœŸæ£€æŸ¥æ¨¡æ¿20191202\data/chap03.aux)
(E:\äº¤å¤§äº‘ç›˜\äº¤å¤§å·¥ä½œ\2019å¹´\æ•™æ”¹é¡¹ç›®\03_åŒ—äº¬äº¤é€šå¤§å­¦ç¡•å£«ä
¸­æœŸæ£€æŸ¥æ¨¡æ¿20191202\data/chap04.aux)
(E:\äº¤å¤§äº‘ç›˜\äº¤å¤§å·¥ä½œ\2019å¹´\æ•™æ”¹é¡¹ç›®\03_åŒ—äº¬äº¤é€šå¤§å­¦ç¡•å£«ä
¸­æœŸæ£€æŸ¥æ¨¡æ¿20191202\data/chap05.aux)
(E:\äº¤å¤§äº‘ç›˜\äº¤å¤§å·¥ä½œ\2019å¹´\æ•™æ”¹é¡¹ç›®\03_åŒ—äº¬äº¤é€šå¤§å­¦ç¡•å£«ä
¸­æœŸæ£€æŸ¥æ¨¡æ¿20191202\data/mresume.aux)
(E:\äº¤å¤§äº‘ç›˜\äº¤å¤§å·¥ä½œ\2019å¹´\æ•™æ”¹é¡¹ç›®\03_åŒ—äº¬äº¤é€šå¤§å­¦ç¡•å£«ä
¸­æœŸæ£€æŸ¥æ¨¡æ¿20191202\data/paperList.aux))
Package atveryend Info: Executing hook `AtVeryEndDocument' on input line 81.
Package atveryend Info: Executing hook `AtEndAfterFileList' on input line 81.
Package rerunfilecheck Info: File `main_r1.out' has not changed.
(rerunfilecheck)             Checksum: B00B6F24901C430DCDF5AFEF09C44AD9;2798.


LaTeX Font Warning: Some font shapes were not available, defaults substituted.


LaTeX Warning: There were multiply-defined labels.

 ) 
Here is how much of TeX's memory you used:
 13700 strings out of 495354
 206077 string characters out of 3183858
 287660 words of memory out of 3000000
 16167 multiletter control sequences out of 15000+200000
 91747 words of font info for 259 fonts, out of 3000000 for 9000
 15 hyphenation exceptions out of 8191
 51i,10n,44p,639b,964s stack positions out of 5000i,500n,10000p,200000b,50000s
<C:/Windows/Fonts/simhei.ttf><C:/Windows/Fonts/simhei.ttf><C:/Windows/Fonts/s
imhei.ttf><C:/Windows/Fonts/simhei.ttf><C:/Windows/Fonts/simhei.ttf><C:/Windows
/Fonts/simhei.ttf><C:/Windows/Fonts/simhei.ttf><C:/Windows/Fonts/simhei.ttf><C:
/Windows/Fonts/simhei.ttf><C:/Windows/Fonts/simhei.ttf><C:/Windows/Fonts/simhei
.ttf><C:/Windows/Fonts/simhei.ttf>{C:/CTEX/MiKTeX/fonts/enc/dvips/fontname/8r.e
nc}<C:/Windows/Fonts/simhei.ttf><C:/Windows/Fonts/simhei.ttf><C:/Windows/Fonts/
simhei.ttf><C:/Windows/Fonts/simhei.ttf><C:/Windows/Fonts/simhei.ttf><C:/CTEX/C
TeX/fonts/truetype/chinese/simsun.ttf><C:/Windows/Fonts/simhei.ttf><C:/Windows/
Fonts/simhei.ttf><C:/Windows/Fonts/simhei.ttf><C:/CTEX/CTeX/fonts/truetype/chin
ese/simsun.ttf><C:/Windows/Fonts/simhei.ttf><C:/Windows/Fonts/simkai.ttf><C:/Wi
ndows/Fonts/simkai.ttf><C:/Windows/Fonts/simkai.ttf><C:/Windows/Fonts/simkai.tt
f><C:/Windows/Fonts/simkai.ttf><C:/CTEX/CTeX/fonts/truetype/chinese/simsun.ttf>
<C:/CTEX/CTeX/fonts/truetype/chinese/simsun.ttf><C:/CTEX/CTeX/fonts/truetype/ch
inese/simsun.ttf><C:/CTEX/CTeX/fonts/truetype/chinese/simsun.ttf><C:/CTEX/CTeX/
fonts/truetype/chinese/simsun.ttf><C:/CTEX/CTeX/fonts/truetype/chinese/simsun.t
tf><C:/CTEX/CTeX/fonts/truetype/chinese/simsun.ttf><C:/CTEX/CTeX/fonts/truetype
/chinese/simsun.ttf><C:/CTEX/CTeX/fonts/truetype/chinese/simsun.ttf><C:/CTEX/CT
eX/fonts/truetype/chinese/simsun.ttf><C:/CTEX/CTeX/fonts/truetype/chinese/simsu
n.ttf><C:/CTEX/CTeX/fonts/truetype/chinese/simsun.ttf><C:/CTEX/CTeX/fonts/truet
ype/chinese/simsun.ttf><C:/CTEX/CTeX/fonts/truetype/chinese/simsun.ttf><C:/CTEX
/CTeX/fonts/truetype/chinese/simsun.ttf><C:/CTEX/CTeX/fonts/truetype/chinese/si
msun.ttf><C:/Windows/Fonts/simhei.ttf><C:/Windows/Fonts/simhei.ttf><C:/Windows/
Fonts/simhei.ttf><C:/Windows/Fonts/simhei.ttf><C:/Windows/Fonts/simhei.ttf><C:/
Windows/Fonts/simhei.ttf><C:/Windows/Fonts/simhei.ttf><C:/CTEX/CTeX/fonts/truet
ype/chinese/simsun.ttf><C:/CTEX/CTeX/fonts/truetype/chinese/simsun.ttf><C:/CTEX
/CTeX/fonts/truetype/chinese/simsun.ttf><C:/CTEX/CTeX/fonts/truetype/chinese/si
msun.ttf><C:/CTEX/CTeX/fonts/truetype/chinese/simsun.ttf><C:/CTEX/CTeX/fonts/tr
uetype/chinese/simsun.ttf><C:/CTEX/CTeX/fonts/truetype/chinese/simsun.ttf><C:/C
TEX/CTeX/fonts/truetype/chinese/simsun.ttf><C:/CTEX/CTeX/fonts/truetype/chinese
/simsun.ttf><C:/CTEX/CTeX/fonts/truetype/chinese/simsun.ttf><C:/CTEX/CTeX/fonts
/truetype/chinese/simsun.ttf><C:/CTEX/CTeX/fonts/truetype/chinese/simsun.ttf><C
:/CTEX/CTeX/fonts/truetype/chinese/simsun.ttf><C:/CTEX/CTeX/fonts/truetype/chin
ese/simsun.ttf><C:/CTEX/CTeX/fonts/truetype/chinese/simsun.ttf><C:/CTEX/MiKTeX/
fonts/type1/public/txfonts/rtxmi.pfb><C:/CTEX/MiKTeX/fonts/type1/public/txfonts
/rtxr.pfb><C:/CTEX/MiKTeX/fonts/type1/public/txfonts/txsy.pfb><C:/CTEX/MiKTeX/f
onts/type1/urw/helvetic/uhvr8a.pfb><C:/CTEX/MiKTeX/fonts/type1/urw/times/utmb8a
.pfb><C:/CTEX/MiKTeX/fonts/type1/urw/times/utmr8a.pfb><C:/CTEX/MiKTeX/fonts/typ
e1/urw/times/utmri8a.pfb>
Output written on main_r1.pdf (24 pages, 2196469 bytes).
PDF statistics:
 594 PDF objects out of 1000 (max. 8388607)
 73 named destinations out of 1000 (max. 500000)
 346 words of extra memory for PDF output out of 10000 (max. 10000000)

