\BOOKMARK [0][]{thuchapter.1.0}{\376\377}{}% 1
\BOOKMARK [0][]{thuchapter.2.0}{\376\377\133\146\117\115\213\272\145\207\162\110\147\103\117\177\165\050\143\210\147\103\116\146}{}% 2
\BOOKMARK [0][]{thuchapter.3.0}{\376\377}{}% 3
\BOOKMARK [0][]{thuchapter.4.0}{\376\377\201\364\000\040\214\042}{}% 4
\BOOKMARK [0][]{section*.10}{\376\377\144\130\211\201}{}% 5
\BOOKMARK [0][]{section*.12}{\376\377\000\101\000\102\000\123\000\124\000\122\000\101\000\103\000\124}{}% 6
\BOOKMARK [0][]{thuchapter.5.0}{\376\377\166\356\000\040\137\125}{}% 7
\BOOKMARK [0][]{chapter.1}{\376\377\000\061\000\040\137\025\212\000}{}% 8
\BOOKMARK [0][]{chapter.2}{\376\377\000\062\000\040\000\061\176\247\150\007\230\230\000\040\377\010\116\343\170\001\377\032\000\134\000\143\000\150\000\141\000\160\000\164\000\145\000\162\000\173\000\061\176\247\150\007\230\230\000\175\377\011}{}% 9
\BOOKMARK [1][-]{section.2.1}{\376\377\000\062\000\056\000\061\000\040\000\062\176\247\150\007\230\230\377\010\116\343\170\001\377\032\000\134\000\163\000\145\000\143\000\164\000\151\000\157\000\156\000\173\000\062\176\247\150\007\230\230\000\175\377\011}{chapter.2}% 10
\BOOKMARK [2][-]{subsection.2.1.1}{\376\377\000\062\000\056\000\061\000\056\000\061\000\040\000\063\176\247\150\007\230\230\377\010\116\343\170\001\377\032\000\134\000\163\000\165\000\142\000\163\000\145\000\143\000\164\000\151\000\157\000\156\000\173\000\063\176\247\150\007\230\230\000\175\377\011\000\040}{section.2.1}% 11
\BOOKMARK [0][]{chapter.3}{\376\377\000\063\000\040\000\061\176\247\150\007\230\230\000\040}{}% 12
\BOOKMARK [1][-]{section.3.1}{\376\377\000\063\000\056\000\061\000\040\000\062\176\247\150\007\230\230\000\040}{chapter.3}% 13
\BOOKMARK [2][-]{subsection.3.1.1}{\376\377\000\063\000\056\000\061\000\056\000\061\000\040\000\063\176\247\150\007\230\230\000\040}{section.3.1}% 14
\BOOKMARK [0][]{chapter.4}{\376\377\000\064\000\040\000\061\176\247\150\007\230\230\000\040}{}% 15
\BOOKMARK [1][-]{section.4.1}{\376\377\000\064\000\056\000\061\000\040\000\062\176\247\150\007\230\230\000\040}{chapter.4}% 16
\BOOKMARK [2][-]{subsection.4.1.1}{\376\377\000\064\000\056\000\061\000\056\000\061\000\040\000\063\176\247\150\007\230\230\000\040}{section.4.1}% 17
\BOOKMARK [0][]{chapter.5}{\376\377\000\065\000\040\176\323\213\272}{}% 18
\BOOKMARK [0][]{appendix.A}{\376\377\226\104\137\125\000\040\000\101\000\040}{}% 19
\BOOKMARK [0][]{section*.22}{\376\377\123\302\200\003\145\207\163\056}{}% 20
\BOOKMARK [0][]{section*.24}{\376\377\175\042\137\025}{}% 21
\BOOKMARK [0][]{section*.26}{\376\377\117\134\200\005\173\200\123\206\123\312\145\073\213\373\170\125\130\353\133\146\117\115\147\037\225\364\123\326\137\227\166\204\170\024\172\166\142\020\147\234}{}% 22
\BOOKMARK [0][]{section*.28}{\376\377\162\354\122\033\140\047\130\360\146\016}{}% 23
\BOOKMARK [0][]{section*.30}{\376\377\133\146\117\115\213\272\145\207\145\160\143\156\226\306}{}% 24
